Assembler report for Lab1Demo
Mon Jun  5 20:57:35 2023
Quartus Prime Version 22.1std.1 Build 917 02/14/2023 SC Lite Edition


---------------------
; Table of Contents ;
---------------------
  1. Legal Notice
  2. Assembler Summary
  3. Assembler Settings
  4. Assembler Generated Files
  5. Assembler Device Options: Lab1Demo.sof
  6. Assembler Messages



----------------
; Legal Notice ;
----------------
Copyright (C) 2023  Intel Corporation. All rights reserved.
Your use of Intel Corporation's design tools, logic functions 
and other software and tools, and any partner logic 
functions, and any output files from any of the foregoing 
(including device programming or simulation files), and any 
associated documentation or information are expressly subject 
to the terms and conditions of the Intel Program License 
Subscription Agreement, the Intel Quartus Prime License Agreement,
the Intel FPGA IP License Agreement, or other applicable license
agreement, including, without limitation, that your use is for
the sole purpose of programming logic devices manufactured by
Intel and sold by Intel or its authorized distributors.  Please
refer to the applicable agreement for further details, at
https://fpgasoftware.intel.com/eula.



+---------------------------------------------------------------+
; Assembler Summary                                             ;
+-----------------------+---------------------------------------+
; Assembler Status      ; Successful - Mon Jun  5 20:57:35 2023 ;
; Revision Name         ; Lab1Demo                              ;
; Top-level Entity Name ; Car_Fighter                           ;
; Family                ; Cyclone V                             ;
; Device                ; 5CSXFC6D6F31C6                        ;
+-----------------------+---------------------------------------+


+----------------------------------+
; Assembler Settings               ;
+--------+---------+---------------+
; Option ; Setting ; Default Value ;
+--------+---------+---------------+


+------------------------------------------------------------------------+
; Assembler Generated Files                                              ;
+------------------------------------------------------------------------+
; File Name                                                              ;
+------------------------------------------------------------------------+
; /home/arie/Desktop/Elec_labs_1/RoadFighterVL/output_files/Lab1Demo.sof ;
+------------------------------------------------------------------------+


+----------------------------------------+
; Assembler Device Options: Lab1Demo.sof ;
+----------------+-----------------------+
; Option         ; Setting               ;
+----------------+-----------------------+
; JTAG usercode  ; 0x01155139            ;
; Checksum       ; 0x01155139            ;
+----------------+-----------------------+


+--------------------+
; Assembler Messages ;
+--------------------+
Info: *******************************************************************
Info: Running Quartus Prime Assembler
    Info: Version 22.1std.1 Build 917 02/14/2023 SC Lite Edition
    Info: Processing started: Mon Jun  5 20:57:29 2023
Info: Command: quartus_asm --read_settings_files=off --write_settings_files=off Lab1Demo -c Lab1Demo
Warning (125092): Tcl Script File RTL/lpm_score_bcd_16bit_to_4digit.qip not found
    Info (125063): set_global_assignment -name QIP_FILE RTL/lpm_score_bcd_16bit_to_4digit.qip
Warning (125092): Tcl Script File RTL/lpm_score_bcd_11bit_to_4digit.qip not found
    Info (125063): set_global_assignment -name QIP_FILE RTL/lpm_score_bcd_11bit_to_4digit.qip
Info (115030): Assembler is generating device programming files
Info: Quartus Prime Assembler was successful. 0 errors, 2 warnings
    Info: Peak virtual memory: 556 megabytes
    Info: Processing ended: Mon Jun  5 20:57:35 2023
    Info: Elapsed time: 00:00:06
    Info: Total CPU time (on all processors): 00:00:06


